https://airlabs.co/api/v9/schedules?dep_iata=JFK&api_key=ef6691c1-a27e-4a45-92fa-cc99543bff51
https://airlabs.co/api/v9/schedules?dep_iata=JFK&api_key=ef6691c1-a27e-4a45-92fa-cc99543bff51
Array
Array
1
Array
Array
Array
Array
Array
Array
Array
Array
Array
Array
Array
Array
Array
Array
Array
Array
Array
Array
Array
Array
Array
Array
Array
Array
Array
Array
Array
Array
Array
Array
Array
Array
Array
Array
Array
Array
Array
Array
Array
Array
Array
Array
Array
Array
Array
Array
Array
Array
Array
Array
Array
Array
Array
Array
Array
Array
Array
Array
Array
Array
Array
Array
Array
Array
Array
Array
Array
Array
Array
Array
Array
Array
Array
Array
Array
Array
Array
Array
Array
Array
Array
Array
Array
Array
Array
Array
Array
Array
Array
Array
Array
Array
Array
Array
Array
Array
Array
Array
Array
Array
1
Array
Array
Array
Array
Array
Array
Array
Array
Array
Array
Array
Array
Array
Array
Array
Array
Array
Array
Array
Array
Array
Array
Array
Array
Array
Array
Array
Array
Array
Array
Array
Array
Array
Array
Array
Array
Array
Array
Array
Array
Array
Array
Array
Array
Array
Array
Array
Array
Array
Array
Array
Array
Array
Array
Array
Array
Array
Array
Array
Array
Array
Array
Array
Array
Array
Array
Array
Array
Array
Array
Array
Array
Array
Array
Array
Array
Array
Array
Array
Array
Array
Array
Array
Array
Array
Array
Array
Array
Array
Array
Array
Array
Array
Array
Array
Array
Array
Array
Array
Array
2
Array
Array
Array
Array
Array
Array
Array
Array
Array
Array
Array
Array
Array
Array
Array
Array
Array
Array
Array
Array
Array
Array
Array
Array
Array
Array
Array
Array
Array
Array
Array
Array
Array
Array
Array
Array
Array
Array
Array
Array
Array
Array
Array
Array
Array
Array
Array
Array
Array
Array
Array
Array
Array
Array
Array
Array
Array
Array
Array
Array
Array
Array
Array
Array
Array
Array
Array
Array
Array
Array
Array
Array
Array
Array
Array
Array
Array
Array
Array
Array
Array
Array
Array
Array
Array
Array
Array
Array
Array
Array
Array
Array
Array
Array
Array
Array
Array
Array
Array
Array
Array
Array
Array
Array
Array
Array
Array
Array
Array
Array
Array
Array
Array
Array
Array
Array
Array
Array
Array
Array
Array
Array
Array
Array
Array
Array
Array
Array
Array
Array
Array
Array
Array
Array
Array
Array
Array
Array
Array
Array
Array
Array
Array
Array
Array
Array
Array
Array
Array
Array
Array
Array
Array
Array
Array
Array
Array
Array
Array
Array
Array
Array
Array
Array
Array
Array
Array
Array
Array
Array
Array
Array
Array
Array
Array
Array
Array
Array
Array
Array
Array
Array
Array
Array
Array
Array
Array
Array
Array
Array
Array
Array
Array
Array
Array
Array
Array
Array
Array
Array
https://airlabs.co/api/v9/schedules?dep_iata=MIA&api_key=323b6b8b-15ea-4b7e-9b13-dd5e8111891d
https://airlabs.co/api/v9/schedules?dep_iata=MIA&api_key=323b6b8b-15ea-4b7e-9b13-dd5e8111891d
https://airlabs.co/api/v9/schedules?dep_iata=JFK&api_key=323b6b8b-15ea-4b7e-9b13-dd5e8111891d
https://airlabs.co/api/v9/schedules?dep_iata=JFK&api_key=323b6b8b-15ea-4b7e-9b13-dd5e8111891d
https://airlabs.co/api/v9/schedules?dep_iata=JFK&api_key=323b6b8b-15ea-4b7e-9b13-dd5e8111891d
https://airlabs.co/api/v9/schedules?dep_iata=JFK&api_key=323b6b8b-15ea-4b7e-9b13-dd5e8111891d
https://airlabs.co/api/v9/schedules?dep_iata=JFK&api_key=323b6b8b-15ea-4b7e-9b13-dd5e8111891d
https://airlabs.co/api/v9/schedules?dep_iata=JFK&api_key=323b6b8b-15ea-4b7e-9b13-dd5e8111891d
https://airlabs.co/api/v9/schedules?dep_iata=JFK&api_key=323b6b8b-15ea-4b7e-9b13-dd5e8111891d
https://airlabs.co/api/v9/schedules?dep_iata=JFK&api_key=323b6b8b-15ea-4b7e-9b13-dd5e8111891d
https://airlabs.co/api/v9/schedules?arr_iata=MIA&api_key=323b6b8b-15ea-4b7e-9b13-dd5e8111891d
https://airlabs.co/api/v9/schedules?arr_iata=JFK&api_key=323b6b8b-15ea-4b7e-9b13-dd5e8111891d
https://airlabs.co/api/v9/schedules?arr_iata=JFK&api_key=323b6b8b-15ea-4b7e-9b13-dd5e8111891d
https://airlabs.co/api/v9/schedules?arr_iata=JFK&api_key=323b6b8b-15ea-4b7e-9b13-dd5e8111891d
https://airlabs.co/api/v9/schedules?arr_iata=JFK&api_key=323b6b8b-15ea-4b7e-9b13-dd5e8111891d
https://airlabs.co/api/v9/schedules?arr_iata=JFK&api_key=323b6b8b-15ea-4b7e-9b13-dd5e8111891d
https://airlabs.co/api/v9/schedules?arr_iata=JFK&api_key=323b6b8b-15ea-4b7e-9b13-dd5e8111891d
https://airlabs.co/api/v9/schedules?arr_iata=JFK&api_key=323b6b8b-15ea-4b7e-9b13-dd5e8111891d
https://airlabs.co/api/v9/schedules?arr_iata=JFK&api_key=323b6b8b-15ea-4b7e-9b13-dd5e8111891d
https://airlabs.co/api/v9/schedules?arr_iata=JFK&api_key=323b6b8b-15ea-4b7e-9b13-dd5e8111891d
https://airlabs.co/api/v9/schedules?dep_icao=KJFK&api_key=323b6b8b-15ea-4b7e-9b13-dd5e8111891d
https://airlabs.co/api/v9/schedules?dep_iata=MIA&api_key=323b6b8b-15ea-4b7e-9b13-dd5e8111891d
Array
Array
https://airlabs.co/api/v9/schedules?dep_iata=MIA&api_key=323b6b8b-15ea-4b7e-9b13-dd5e8111891d
https://airlabs.co/api/v9/schedules?dep_icao=KJFK&api_key=323b6b8b-15ea-4b7e-9b13-dd5e8111891d
Array
Array
https://airlabs.co/api/v9/schedules?dep_iata=MIA&api_key=323b6b8b-15ea-4b7e-9b13-dd5e8111891d
https://airlabs.co/api/v9/schedules?dep_iata=KJFK&api_key=323b6b8b-15ea-4b7e-9b13-dd5e8111891d

Array
